2024-09-20 18:15:22,544 - INFO - Rozpoczêto przetwarzanie projektu 1 z 12 aktywnoœciami.
2024-09-20 18:15:28,139 - INFO - Zapisano aktywnoœæ: Rozpoczêcie konsultacji projektu przed wp³yniêciem do sejmu z dat¹: 11-07-2024 dla projektu 1.
2024-09-20 18:15:31,649 - INFO - Zapisano aktywnoœæ: Projekt wp³yn¹³ do Sejmu -druk nr 546 z dat¹: 19 lipca 2024 dla projektu 1.
2024-09-20 18:15:37,226 - INFO - Zapisano aktywnoœæ: Skierowano do I czytania w komisjach z dat¹: 19 lipca 2024 dla projektu 1.
2024-09-20 18:15:37,226 - INFO - Zapisano aktywnoœæ: I czytanie w komisjach z dat¹: 23 lipca 2024 dla projektu 1.
2024-09-20 18:15:37,226 - INFO - Zapisano aktywnoœæ: Sprawozdanie komisjidruk nr 551 z dat¹: 23 lipca 2024 dla projektu 1.
2024-09-20 18:15:37,226 - INFO - Zapisano aktywnoœæ: II czytanie na posiedzeniu Sejmu z dat¹: 24 lipca 2024 dla projektu 1.
2024-09-20 18:15:37,226 - INFO - Zapisano aktywnoœæ: III czytanie na posiedzeniu Sejmu z dat¹: 24 lipca 2024 dla projektu 1.
2024-09-20 18:15:37,227 - INFO - Zapisano aktywnoœæ: Ustawê przekazano Marsza³kowi Senatu z dat¹: 24 lipca 2024 dla projektu 1.
2024-09-20 18:15:37,227 - INFO - Zapisano aktywnoœæ: Ustawê przekazano Prezydentowi z dat¹: 25 lipca 2024 dla projektu 1.
2024-09-20 18:15:37,227 - INFO - Zapisano aktywnoœæ: Stanowisko Senatu z dat¹: 25 lipca 2024 dla projektu 1.
2024-09-20 18:15:37,227 - INFO - Zapisano aktywnoœæ: Ustawê przekazano Prezydentowi do podpisu z dat¹: 26 lipca 2024 dla projektu 1.
2024-09-20 18:15:37,227 - INFO - Zapisano aktywnoœæ: Prezydent podpisa³ ustawê z dat¹: 30 lipca 2024 dla projektu 1.
2024-09-20 18:15:37,227 - INFO - Rozpoczêto przetwarzanie projektu 2 z 12 aktywnoœciami.
2024-09-20 18:15:37,227 - INFO - Zapisano aktywnoœæ: Rozpoczêcie konsultacji projektu przed wp³yniêciem do sejmu z dat¹: 28-06-2024 dla projektu 2.
2024-09-20 18:15:37,227 - INFO - Zapisano aktywnoœæ: Projekt wp³yn¹³ do Sejmu -druk nr 545 z dat¹: 19 lipca 2024 dla projektu 2.
2024-09-20 18:15:37,227 - INFO - Zapisano aktywnoœæ: Skierowano do I czytania w komisjach z dat¹: 19 lipca 2024 dla projektu 2.
2024-09-20 18:15:37,227 - INFO - Zapisano aktywnoœæ: I czytanie w komisjach z dat¹: 23 lipca 2024 dla projektu 2.
2024-09-20 18:15:37,227 - INFO - Zapisano aktywnoœæ: Sprawozdanie komisjidruk nr 549 z dat¹: 23 lipca 2024 dla projektu 2.
2024-09-20 18:15:37,228 - INFO - Zapisano aktywnoœæ: II czytanie na posiedzeniu Sejmu z dat¹: 24 lipca 2024 dla projektu 2.
2024-09-20 18:15:37,228 - INFO - Zapisano aktywnoœæ: III czytanie na posiedzeniu Sejmu z dat¹: 24 lipca 2024 dla projektu 2.
2024-09-20 18:15:37,228 - INFO - Zapisano aktywnoœæ: Ustawê przekazano Marsza³kowi Senatu z dat¹: 24 lipca 2024 dla projektu 2.
2024-09-20 18:15:37,228 - INFO - Zapisano aktywnoœæ: Ustawê przekazano Prezydentowi z dat¹: 25 lipca 2024 dla projektu 2.
2024-09-20 18:15:37,228 - INFO - Zapisano aktywnoœæ: Stanowisko Senatu z dat¹: 25 lipca 2024 dla projektu 2.
2024-09-20 18:15:37,228 - INFO - Zapisano aktywnoœæ: Ustawê przekazano Prezydentowi do podpisu z dat¹: 26 lipca 2024 dla projektu 2.
2024-09-20 18:15:37,228 - INFO - Zapisano aktywnoœæ: Prezydent podpisa³ ustawê z dat¹: 30 lipca 2024 dla projektu 2.
2024-09-20 18:15:37,228 - INFO - Rozpoczêto przetwarzanie projektu 3 z 12 aktywnoœciami.
2024-09-20 18:15:37,228 - INFO - Zapisano aktywnoœæ: Rozpoczêcie konsultacji projektu przed wp³yniêciem do sejmu z dat¹: 24-06-2024 dla projektu 3.
2024-09-20 18:15:37,228 - INFO - Zapisano aktywnoœæ: Projekt wp³yn¹³ do Sejmu -druk nr 547 z dat¹: 19 lipca 2024 dla projektu 3.
2024-09-20 18:15:37,228 - INFO - Zapisano aktywnoœæ: Skierowano do I czytania w komisjach z dat¹: 19 lipca 2024 dla projektu 3.
2024-09-20 18:15:37,229 - INFO - Zapisano aktywnoœæ: I czytanie w komisjach z dat¹: 23 lipca 2024 dla projektu 3.
2024-09-20 18:15:37,229 - INFO - Zapisano aktywnoœæ: Sprawozdanie komisjidruk nr 565 z dat¹: 23 lipca 2024 dla projektu 3.
2024-09-20 18:15:37,229 - INFO - Zapisano aktywnoœæ: II czytanie na posiedzeniu Sejmu z dat¹: 24 lipca 2024 dla projektu 3.
2024-09-20 18:15:37,229 - INFO - Zapisano aktywnoœæ: III czytanie na posiedzeniu Sejmu z dat¹: 24 lipca 2024 dla projektu 3.
2024-09-20 18:15:37,229 - INFO - Zapisano aktywnoœæ: Ustawê przekazano Marsza³kowi Senatu z dat¹: 24 lipca 2024 dla projektu 3.
2024-09-20 18:15:37,229 - INFO - Zapisano aktywnoœæ: Ustawê przekazano Prezydentowi z dat¹: 25 lipca 2024 dla projektu 3.
2024-09-20 18:15:37,229 - INFO - Zapisano aktywnoœæ: Stanowisko Senatu z dat¹: 25 lipca 2024 dla projektu 3.
2024-09-20 18:15:37,229 - INFO - Zapisano aktywnoœæ: Ustawê przekazano Prezydentowi do podpisu z dat¹: 26 lipca 2024 dla projektu 3.
2024-09-20 18:15:37,229 - INFO - Zapisano aktywnoœæ: Prezydent podpisa³ ustawê z dat¹: 30 lipca 2024 dla projektu 3.
2024-09-20 18:15:37,229 - INFO - Rozpoczêto przetwarzanie projektu 4 z 13 aktywnoœciami.
2024-09-20 18:15:37,229 - INFO - Zapisano aktywnoœæ: Rozpoczêcie konsultacji projektu przed wp³yniêciem do sejmu z dat¹: 17-06-2024 dla projektu 4.S
2024-09-20 18:15:37,230 - INFO - Zapisano aktywnoœæ: Projekt wp³yn¹³ do Sejmu -druk nr 471 z dat¹: 21 czerwca 2024 dla projektu 4.S
2024-09-20 18:15:37,230 - INFO - Zapisano aktywnoœæ: Skierowano do I czytania na posiedzeniu Sejmu z dat¹: 25 czerwca 2024 dla projektu 4.S
2024-09-20 18:15:37,230 - INFO - Zapisano aktywnoœæ: I czytanie na posiedzeniu Sejmu z dat¹: 26 czerwca 2024 dla projektu 4.S
2024-09-20 18:15:37,230 - INFO - Zapisano aktywnoœæ: Sprawozdanie komisjidruk nr 505 z dat¹: 2 lipca 2024 dla projektu 4.S
2024-09-20 18:15:37,230 - INFO - Zapisano aktywnoœæ: II czytanie na posiedzeniu Sejmu z dat¹: 11 lipca 2024 dla projektu 4.S
2024-09-20 18:15:37,230 - INFO - Zapisano aktywnoœæ: Sprawozdanie komisjidruk nr 505-A z dat¹: 12 lipca 2024 dla projektu 4.S
2024-09-20 18:15:37,230 - INFO - Zapisano aktywnoœæ: III czytanie na posiedzeniu Sejmu z dat¹: 12 lipca 2024 dla projektu 4.S
2024-09-20 18:15:37,230 - INFO - Zapisano aktywnoœæ: Ustawê przekazano Prezydentowi i Marsza³kowi Senatu z dat¹: 15 lipca 2024 dla projektu 4.S
2024-09-20 18:15:37,230 - INFO - Zapisano aktywnoœæ: Stanowisko Senatu z dat¹: 25 lipca 2024 dla projektu 4.S
2024-09-20 18:15:37,230 - INFO - Zapisano aktywnoœæ: Sprawozdanie komisjidruk nr 587 z dat¹: 26 lipca 2024 dla projektu 4.S
2024-09-20 18:15:37,230 - INFO - Zapisano aktywnoœæ: Rozpatrywanie na forum Sejmu stanowiska Senatu z dat¹: 26 lipca 2024 dla projektu 4.S
2024-09-20 18:15:37,231 - INFO - Zapisano aktywnoœæ: Ustawê przekazano Prezydentowi do podpisu z dat¹: 29 lipca 2024 dla projektu 4.S
2024-09-20 18:15:37,231 - INFO - Rozpoczêto przetwarzanie projektu 5 z 12 aktywnoœciami.S
2024-09-20 18:15:37,231 - INFO - Zapisano aktywnoœæ: Rozpoczêcie konsultacji projektu przed wp³yniêciem do sejmu z dat¹: 10-06-2024 dla projektu 5.S
2024-09-20 18:15:37,231 - INFO - Zapisano aktywnoœæ: Projekt wp³yn¹³ do Sejmu -druk nr 472 z dat¹: 21 czerwca 2024 dla projektu 5.S
2024-09-20 18:15:37,231 - INFO - Zapisano aktywnoœæ: Skierowano do I czytania w komisjach z dat¹: 25 czerwca 2024 dla projektu 5.S
2024-09-20 18:15:37,231 - INFO - Zapisano aktywnoœæ: I czytanie w komisjach z dat¹: 26 czerwca 2024 dla projektu 5.S
2024-09-20 18:15:37,231 - INFO - Zapisano aktywnoœæ: Sprawozdanie komisjidruk nr 491 z dat¹: 26 czerwca 2024 dla projektu 5.S
2024-09-20 18:15:37,231 - INFO - Zapisano aktywnoœæ: II czytanie na posiedzeniu Sejmu z dat¹: 27 czerwca 2024 dla projektu 5.S
2024-09-20 18:15:37,231 - INFO - Zapisano aktywnoœæ: Sprawozdanie komisjidruk nr 491-A z dat¹: 28 czerwca 2024 dla projektu 5.S
2024-09-20 18:15:37,231 - INFO - Zapisano aktywnoœæ: III czytanie na posiedzeniu Sejmu z dat¹: 28 czerwca 2024 dla projektu 5.S
2024-09-20 18:15:37,231 - INFO - Zapisano aktywnoœæ: Ustawê przekazano Prezydentowi i Marsza³kowi Senatu z dat¹: 1 lipca 2024 dla projektu 5.S
2024-09-20 18:15:37,232 - INFO - Zapisano aktywnoœæ: Stanowisko Senatu z dat¹: 10 lipca 2024 dla projektu 5.S
2024-09-20 18:15:37,232 - INFO - Zapisano aktywnoœæ: Ustawê przekazano Prezydentowi do podpisu z dat¹: 11 lipca 2024 dla projektu 5.S
2024-09-20 18:15:37,232 - INFO - Zapisano aktywnoœæ: Prezydent podpisa³ ustawê z dat¹: 17 lipca 2024 dla projektu 5.S
2024-09-20 18:15:37,232 - INFO - Rozpoczêto przetwarzanie projektu 6 z 12 aktywnoœciami.S
2024-09-20 18:15:37,232 - INFO - Zapisano aktywnoœæ: Rozpoczêcie konsultacji projektu przed wp³yniêciem do sejmu z dat¹: 03-06-2024 dla projektu 6.S
2024-09-20 18:15:37,232 - INFO - Zapisano aktywnoœæ: Projekt wp³yn¹³ do Sejmu -druk nr 430 z dat¹: 6 czerwca 2024 dla projektu 6.S
2024-09-20 18:15:37,232 - INFO - Zapisano aktywnoœæ: Skierowano do I czytania w komisjach z dat¹: 11 czerwca 2024 dla projektu 6.S
2024-09-20 18:15:37,232 - INFO - Zapisano aktywnoœæ: I czytanie w komisjach z dat¹: 25 czerwca 2024 dla projektu 6.
2024-09-20 18:15:37,232 - INFO - Zapisano aktywnoœæ: Sprawozdanie komisjidruk nr 468 z dat¹: 25 czerwca 2024 dla projektu 6.
2024-09-20 18:15:37,232 - INFO - Zapisano aktywnoœæ: II czytanie na posiedzeniu Sejmu z dat¹: 26 czerwca 2024 dla projektu 6.
2024-09-20 18:15:37,232 - INFO - Zapisano aktywnoœæ: Sprawozdanie komisjidruk nr 468-A z dat¹: 26 czerwca 2024 dla projektu 6.
2024-09-20 18:15:37,233 - INFO - Zapisano aktywnoœæ: III czytanie na posiedzeniu Sejmu z dat¹: 28 czerwca 2024 dla projektu 6.
2024-09-20 18:15:37,233 - INFO - Zapisano aktywnoœæ: Ustawê przekazano Prezydentowi i Marsza³kowi Senatu z dat¹: 1 lipca 2024 dla projektu 6.
2024-09-20 18:15:37,233 - INFO - Zapisano aktywnoœæ: Stanowisko Senatu z dat¹: 10 lipca 2024 dla projektu 6.
2024-09-20 18:15:37,233 - INFO - Zapisano aktywnoœæ: Ustawê przekazano Prezydentowi do podpisu z dat¹: 11 lipca 2024 dla projektu 6.
2024-09-20 18:15:37,233 - INFO - Zapisano aktywnoœæ: Prezydent podpisa³ ustawê z dat¹: 17 lipca 2024 dla projektu 6.
2024-09-20 18:15:37,233 - INFO - Rozpoczêto przetwarzanie projektu 7 z 11 aktywnoœciami.
2024-09-20 18:15:37,233 - INFO - Zapisano aktywnoœæ: Rozpoczêcie konsultacji projektu przed wp³yniêciem do sejmu z dat¹: 29-04-2024 dla projektu 7.
2024-09-20 18:15:37,233 - INFO - Zapisano aktywnoœæ: Projekt wp³yn¹³ do Sejmu -druk nr 341 z dat¹: 2 maja 2024 dla projektu 7.
2024-09-20 18:15:37,233 - INFO - Zapisano aktywnoœæ: Skierowano do I czytania na posiedzeniu Sejmu z dat¹: 7 maja 2024 dla projektu 7.
2024-09-20 18:15:37,233 - INFO - Zapisano aktywnoœæ: I czytanie na posiedzeniu Sejmu z dat¹: 8 maja 2024 dla projektu 7.
2024-09-20 18:15:37,233 - INFO - Zapisano aktywnoœæ: Sprawozdanie komisjidruk nr 373 z dat¹: 8 maja 2024 dla projektu 7.
2024-09-20 18:15:37,234 - INFO - Zapisano aktywnoœæ: II czytanie na posiedzeniu Sejmu z dat¹: 9 maja 2024 dla projektu 7.
2024-09-20 18:15:37,234 - INFO - Zapisano aktywnoœæ: III czytanie na posiedzeniu Sejmu z dat¹: 9 maja 2024 dla projektu 7.
2024-09-20 18:15:37,234 - INFO - Zapisano aktywnoœæ: Ustawê przekazano Prezydentowi i Marsza³kowi Senatu z dat¹: 10 maja 2024 dla projektu 7.
2024-09-20 18:15:37,234 - INFO - Zapisano aktywnoœæ: Stanowisko Senatu z dat¹: 22 maja 2024 dla projektu 7.
2024-09-20 18:15:37,234 - INFO - Zapisano aktywnoœæ: Ustawê przekazano Prezydentowi do podpisu z dat¹: 23 maja 2024 dla projektu 7.
2024-09-20 18:15:37,234 - INFO - Zapisano aktywnoœæ: Prezydent podpisa³ ustawê z dat¹: 5 czerwca 2024 dla projektu 7.
2024-09-20 18:15:37,234 - INFO - Rozpoczêto przetwarzanie projektu 8 z 14 aktywnoœciami.
2024-09-20 18:15:37,234 - INFO - Zapisano aktywnoœæ: Rozpoczêcie konsultacji projektu przed wp³yniêciem do sejmu z dat¹: 19-04-2024 dla projektu 8.
2024-09-20 18:15:37,234 - INFO - Zapisano aktywnoœæ: Projekt wp³yn¹³ do Sejmu -druk nr 346 z dat¹: 7 maja 2024 dla projektu 8.
2024-09-20 18:15:37,234 - INFO - Zapisano aktywnoœæ: Skierowano do I czytania na posiedzeniu Sejmu z dat¹: 7 maja 2024 dla projektu 8.
2024-09-20 18:15:37,234 - INFO - Zapisano aktywnoœæ: I czytanie na posiedzeniu Sejmu z dat¹: 9 maja 2024 dla projektu 8.
2024-09-20 18:15:37,234 - INFO - Zapisano aktywnoœæ: Sprawozdanie komisjidruk nr 380 z dat¹: 14 maja 2024 dla projektu 8.
2024-09-20 18:15:37,235 - INFO - Zapisano aktywnoœæ: II czytanie na posiedzeniu Sejmu z dat¹: 15 maja 2024 dla projektu 8.
2024-09-20 18:15:37,235 - INFO - Zapisano aktywnoœæ: Sprawozdanie komisjidruk nr 380-A z dat¹: 15 maja 2024 dla projektu 8.
2024-09-20 18:15:37,235 - INFO - Zapisano aktywnoœæ: III czytanie na posiedzeniu Sejmu z dat¹: 15 maja 2024 dla projektu 8.
2024-09-20 18:15:37,235 - INFO - Zapisano aktywnoœæ: Ustawê przekazano Prezydentowi i Marsza³kowi Senatu z dat¹: 16 maja 2024 dla projektu 8.
2024-09-20 18:15:37,235 - INFO - Zapisano aktywnoœæ: Stanowisko Senatu z dat¹: 22 maja 2024 dla projektu 8.
2024-09-20 18:15:37,235 - INFO - Zapisano aktywnoœæ: Sprawozdanie komisjidruk nr 417 z dat¹: 22 maja 2024 dla projektu 8.
2024-09-20 18:15:37,235 - INFO - Zapisano aktywnoœæ: Rozpatrywanie na forum Sejmu stanowiska Senatu z dat¹: 23 maja 2024 dla projektu 8.
2024-09-20 18:15:37,235 - INFO - Zapisano aktywnoœæ: Ustawê przekazano Prezydentowi do podpisu z dat¹: 24 maja 2024 dla projektu 8.
2024-09-20 18:15:37,235 - INFO - Zapisano aktywnoœæ: Prezydent podpisa³ ustawê z dat¹: 7 czerwca 2024 dla projektu 8.
2024-09-20 18:15:37,235 - INFO - Rozpoczêto przetwarzanie projektu 9 z 11 aktywnoœciami.
2024-09-20 18:15:37,235 - INFO - Zapisano aktywnoœæ: Rozpoczêcie konsultacji projektu przed wp³yniêciem do sejmu z dat¹: 17-04-2024 dla projektu 9.
2024-09-20 18:15:37,236 - INFO - Zapisano aktywnoœæ: Projekt wp³yn¹³ do Sejmu -druk nr 382 z dat¹: 7 maja 2024 dla projektu 9.
2024-09-20 18:15:37,236 - INFO - Zapisano aktywnoœæ: Skierowano do I czytania w komisjach z dat¹: 14 maja 2024 dla projektu 9.
2024-09-20 18:15:37,236 - INFO - Zapisano aktywnoœæ: I czytanie w komisjach z dat¹: 21 maja 2024 dla projektu 9.
2024-09-20 18:15:37,236 - INFO - Zapisano aktywnoœæ: Sprawozdanie komisjidruk nr 400 z dat¹: 21 maja 2024 dla projektu 9.
2024-09-20 18:15:37,236 - INFO - Zapisano aktywnoœæ: II czytanie na posiedzeniu Sejmu z dat¹: 22 maja 2024 dla projektu 9.
2024-09-20 18:15:37,236 - INFO - Zapisano aktywnoœæ: III czytanie na posiedzeniu Sejmu z dat¹: 23 maja 2024 dla projektu 9.
2024-09-20 18:15:37,236 - INFO - Zapisano aktywnoœæ: Ustawê przekazano Prezydentowi i Marsza³kowi Senatu z dat¹: 24 maja 2024 dla projektu 9.
2024-09-20 18:15:37,236 - INFO - Zapisano aktywnoœæ: Stanowisko Senatu z dat¹: 5 czerwca 2024 dla projektu 9.
2024-09-20 18:15:37,236 - INFO - Zapisano aktywnoœæ: Ustawê przekazano Prezydentowi do podpisu z dat¹: 6 czerwca 2024 dla projektu 9.
2024-09-20 18:15:37,236 - INFO - Zapisano aktywnoœæ: Prezydent podpisa³ ustawê z dat¹: 11 czerwca 2024 dla projektu 9.
2024-09-20 18:15:37,236 - INFO - Rozpoczêto przetwarzanie projektu 10 z 11 aktywnoœciami.
2024-09-20 18:15:37,237 - INFO - Zapisano aktywnoœæ: Rozpoczêcie konsultacji projektu przed wp³yniêciem do sejmu z dat¹: 09-04-2024 dla projektu 10.
2024-09-20 18:15:37,237 - INFO - Zapisano aktywnoœæ: Projekt wp³yn¹³ do Sejmu -druk nr 319 z dat¹: 18 kwietnia 2024 dla projektu 10.
2024-09-20 18:15:37,237 - INFO - Zapisano aktywnoœæ: Skierowano do I czytania na posiedzeniu Sejmu z dat¹: 24 kwietnia 2024 dla projektu 10.
2024-09-20 18:15:37,237 - INFO - Zapisano aktywnoœæ: I czytanie na posiedzeniu Sejmu z dat¹: 9 maja 2024 dla projektu 10.
2024-09-20 18:15:37,237 - INFO - Zapisano aktywnoœæ: Sprawozdanie komisjidruk nr 376 z dat¹: 9 maja 2024 dla projektu 10.
2024-09-20 18:15:37,237 - INFO - Zapisano aktywnoœæ: II czytanie na posiedzeniu Sejmu z dat¹: 15 maja 2024 dla projektu 10.
2024-09-20 18:15:37,237 - INFO - Zapisano aktywnoœæ: III czytanie na posiedzeniu Sejmu z dat¹: 15 maja 2024 dla projektu 10.
2024-09-20 18:15:37,237 - INFO - Zapisano aktywnoœæ: Ustawê przekazano Prezydentowi i Marsza³kowi Senatu z dat¹: 16 maja 2024 dla projektu 10.
2024-09-20 18:15:37,237 - INFO - Zapisano aktywnoœæ: Stanowisko Senatu z dat¹: 23 maja 2024 dla projektu 10.
2024-09-20 18:15:37,237 - INFO - Zapisano aktywnoœæ: Ustawê przekazano Prezydentowi do podpisu z dat¹: 24 maja 2024 dla projektu 10.
2024-09-20 18:15:37,237 - INFO - Zapisano aktywnoœæ: Prezydent podpisa³ ustawê z dat¹: 7 czerwca 2024 dla projektu 10.
2024-09-20 18:15:37,238 - INFO - Rozpoczêto przetwarzanie projektu 11 z 12 aktywnoœciami.
2024-09-20 18:15:37,238 - INFO - Zapisano aktywnoœæ: Rozpoczêcie konsultacji projektu przed wp³yniêciem do sejmu z dat¹: 05-04-2024 dla projektu 11.
2024-09-20 18:15:37,238 - INFO - Zapisano aktywnoœæ: Projekt wp³yn¹³ do Sejmu -druk nr 342 z dat¹: 2 maja 2024 dla projektu 11.
2024-09-20 18:15:37,238 - INFO - Zapisano aktywnoœæ: Skierowano do I czytania na posiedzeniu Sejmu z dat¹: 7 maja 2024 dla projektu 11.
2024-09-20 18:15:37,238 - INFO - Zapisano aktywnoœæ: I czytanie na posiedzeniu Sejmu z dat¹: 8 maja 2024 dla projektu 11.
2024-09-20 18:15:37,238 - INFO - Zapisano aktywnoœæ: Sprawozdanie komisjidruk nr 374 z dat¹: 8 maja 2024 dla projektu 11.
2024-09-20 18:15:37,238 - INFO - Zapisano aktywnoœæ: II czytanie na posiedzeniu Sejmu z dat¹: 15 maja 2024 dla projektu 11.
2024-09-20 18:15:37,238 - INFO - Zapisano aktywnoœæ: Sprawozdanie komisjidruk nr 374-A z dat¹: 15 maja 2024 dla projektu 11.
2024-09-20 18:15:37,238 - INFO - Zapisano aktywnoœæ: III czytanie na posiedzeniu Sejmu z dat¹: 15 maja 2024 dla projektu 11.
2024-09-20 18:15:37,238 - INFO - Zapisano aktywnoœæ: Ustawê przekazano Prezydentowi i Marsza³kowi Senatu z dat¹: 16 maja 2024 dla projektu 11.
2024-09-20 18:15:37,238 - INFO - Zapisano aktywnoœæ: Stanowisko Senatu z dat¹: 22 maja 2024 dla projektu 11.
2024-09-20 18:15:37,239 - INFO - Zapisano aktywnoœæ: Ustawê przekazano Prezydentowi do podpisu z dat¹: 23 maja 2024 dla projektu 11.
2024-09-20 18:15:37,239 - INFO - Zapisano aktywnoœæ: Prezydent podpisa³ ustawê z dat¹: 7 czerwca 2024 dla projektu 11.
2024-09-20 18:15:37,239 - INFO - Rozpoczêto przetwarzanie projektu 12 z 11 aktywnoœciami.
2024-09-20 18:15:37,239 - INFO - Zapisano aktywnoœæ: Rozpoczêcie konsultacji projektu przed wp³yniêciem do sejmu z dat¹: 05-04-2024 dla projektu 12.
2024-09-20 18:15:37,239 - INFO - Zapisano aktywnoœæ: Projekt wp³yn¹³ do Sejmu -druk nr 318 z dat¹: 18 kwietnia 2024 dla projektu 12.
2024-09-20 18:15:37,239 - INFO - Zapisano aktywnoœæ: Skierowano do I czytania na posiedzeniu Sejmu z dat¹: 24 kwietnia 2024 dla projektu 12.
2024-09-20 18:15:37,239 - INFO - Zapisano aktywnoœæ: I czytanie na posiedzeniu Sejmu z dat¹: 9 maja 2024 dla projektu 12.
2024-09-20 18:15:37,239 - INFO - Zapisano aktywnoœæ: Sprawozdanie komisjidruk nr 401 z dat¹: 21 maja 2024 dla projektu 12.
2024-09-20 18:15:37,239 - INFO - Zapisano aktywnoœæ: II czytanie na posiedzeniu Sejmu z dat¹: 23 maja 2024 dla projektu 12.
2024-09-20 18:15:37,239 - INFO - Zapisano aktywnoœæ: III czytanie na posiedzeniu Sejmu z dat¹: 23 maja 2024 dla projektu 12.
2024-09-20 18:15:37,239 - INFO - Zapisano aktywnoœæ: Ustawê przekazano Prezydentowi i Marsza³kowi Senatu z dat¹: 24 maja 2024 dla projektu 12.
2024-09-20 18:15:37,239 - INFO - Zapisano aktywnoœæ: Stanowisko Senatu z dat¹: 5 czerwca 2024 dla projektu 12.
2024-09-20 18:15:37,240 - INFO - Zapisano aktywnoœæ: Ustawê przekazano Prezydentowi do podpisu z dat¹: 6 czerwca 2024 dla projektu 12.
2024-09-20 18:15:37,240 - INFO - Zapisano aktywnoœæ: Prezydent podpisa³ ustawê z dat¹: 11 czerwca 2024 dla projektu 12.
2024-09-20 18:15:37,240 - INFO - Rozpoczêto przetwarzanie projektu 13 z 11 aktywnoœciami.
2024-09-20 18:15:37,240 - INFO - Zapisano aktywnoœæ: Rozpoczêcie konsultacji projektu przed wp³yniêciem do sejmu z dat¹: 28-03-2024 dla projektu 13.
2024-09-20 18:15:37,240 - INFO - Zapisano aktywnoœæ: Projekt wp³yn¹³ do Sejmu -druk nr 320 z dat¹: 18 kwietnia 2024 dla projektu 13.
2024-09-20 18:15:37,240 - INFO - Zapisano aktywnoœæ: Skierowano do I czytania w komisjach z dat¹: 24 kwietnia 2024 dla projektu 13.
2024-09-20 18:15:37,240 - INFO - Zapisano aktywnoœæ: I czytanie w komisjach z dat¹: 8 maja 2024 dla projektu 13.
2024-09-20 18:15:37,240 - INFO - Zapisano aktywnoœæ: Sprawozdanie komisjidruk nr 375 z dat¹: 8 maja 2024 dla projektu 13.
2024-09-20 18:15:37,240 - INFO - Zapisano aktywnoœæ: II czytanie na posiedzeniu Sejmu z dat¹: 15 maja 2024 dla projektu 13.
2024-09-20 18:15:37,240 - INFO - Zapisano aktywnoœæ: III czytanie na posiedzeniu Sejmu z dat¹: 15 maja 2024 dla projektu 13.
2024-09-20 18:15:37,240 - INFO - Zapisano aktywnoœæ: Ustawê przekazano Prezydentowi i Marsza³kowi Senatu z dat¹: 16 maja 2024 dla projektu 13.
2024-09-20 18:15:37,241 - INFO - Zapisano aktywnoœæ: Stanowisko Senatu z dat¹: 23 maja 2024 dla projektu 13.
2024-09-20 18:15:37,241 - INFO - Zapisano aktywnoœæ: Ustawê przekazano Prezydentowi do podpisu z dat¹: 24 maja 2024 dla projektu 13.
2024-09-20 18:15:37,241 - INFO - Zapisano aktywnoœæ: Prezydent podpisa³ ustawê z dat¹: 7 czerwca 2024 dla projektu 13.
2024-09-20 18:15:37,241 - INFO - Rozpoczêto przetwarzanie projektu 14 z 11 aktywnoœciami.
2024-09-20 18:15:37,241 - INFO - Zapisano aktywnoœæ: Rozpoczêcie konsultacji projektu przed wp³yniêciem do sejmu z dat¹: 22-03-2024 dla projektu 14.
2024-09-20 18:15:37,241 - INFO - Zapisano aktywnoœæ: Projekt wp³yn¹³ do Sejmu -druk nr 548 z dat¹: 19 lipca 2024 dla projektu 14.
2024-09-20 18:15:37,241 - INFO - Zapisano aktywnoœæ: Skierowano do I czytania w komisjach z dat¹: 19 lipca 2024 dla projektu 14.
2024-09-20 18:15:37,241 - INFO - Zapisano aktywnoœæ: I czytanie w komisjach z dat¹: 23 lipca 2024 dla projektu 14.
2024-09-20 18:15:37,241 - INFO - Zapisano aktywnoœæ: Sprawozdanie komisjidruk nr 563 z dat¹: 23 lipca 2024 dla projektu 14.
2024-09-20 18:15:37,241 - INFO - Zapisano aktywnoœæ: II czytanie na posiedzeniu Sejmu z dat¹: 24 lipca 2024 dla projektu 14.
2024-09-20 18:15:37,242 - INFO - Zapisano aktywnoœæ: III czytanie na posiedzeniu Sejmu z dat¹: 24 lipca 2024 dla projektu 14.
2024-09-20 18:15:37,242 - INFO - Zapisano aktywnoœæ: Ustawê przekazano Marsza³kowi Senatu z dat¹: 24 lipca 2024 dla projektu 14.
2024-09-20 18:15:37,242 - INFO - Zapisano aktywnoœæ: Ustawê przekazano Prezydentowi z dat¹: 25 lipca 2024 dla projektu 14.
2024-09-20 18:15:37,242 - INFO - Zapisano aktywnoœæ: Stanowisko Senatu z dat¹: 25 lipca 2024 dla projektu 14.
2024-09-20 18:15:37,242 - INFO - Zapisano aktywnoœæ: Ustawê przekazano Prezydentowi do podpisu z dat¹: 26 lipca 2024 dla projektu 14.
2024-09-20 18:15:37,242 - INFO - Rozpoczêto przetwarzanie projektu 15 z 11 aktywnoœciami.
2024-09-20 18:15:37,242 - INFO - Zapisano aktywnoœæ: Rozpoczêcie konsultacji projektu przed wp³yniêciem do sejmu z dat¹: 21-03-2024 dla projektu 15.
2024-09-20 18:15:37,242 - INFO - Zapisano aktywnoœæ: Projekt wp³yn¹³ do Sejmu -druk nr 293 z dat¹: 29 marca 2024 dla projektu 15.
2024-09-20 18:15:37,242 - INFO - Zapisano aktywnoœæ: Skierowano do I czytania w komisjach z dat¹: 9 kwietnia 2024 dla projektu 15.
2024-09-20 18:15:37,242 - INFO - Zapisano aktywnoœæ: I czytanie w komisjach z dat¹: 23 kwietnia 2024 dla projektu 15.
2024-09-20 18:15:37,242 - INFO - Zapisano aktywnoœæ: Sprawozdanie komisjidruk nr 312 z dat¹: 23 kwietnia 2024 dla projektu 15.
2024-09-20 18:15:37,242 - INFO - Zapisano aktywnoœæ: II czytanie na posiedzeniu Sejmu z dat¹: 24 kwietnia 2024 dla projektu 15.
2024-09-20 18:15:37,243 - INFO - Zapisano aktywnoœæ: III czytanie na posiedzeniu Sejmu z dat¹: 26 kwietnia 2024 dla projektu 15.
2024-09-20 18:15:37,243 - INFO - Zapisano aktywnoœæ: Ustawê przekazano Prezydentowi i Marsza³kowi Senatu z dat¹: 29 kwietnia 2024 dla projektu 15.
2024-09-20 18:15:37,243 - INFO - Zapisano aktywnoœæ: Stanowisko Senatu z dat¹: 9 maja 2024 dla projektu 15.
2024-09-20 18:15:37,243 - INFO - Zapisano aktywnoœæ: Ustawê przekazano Prezydentowi do podpisu z dat¹: 10 maja 2024 dla projektu 15.
2024-09-20 18:15:37,243 - INFO - Zapisano aktywnoœæ: Prezydent podpisa³ ustawê z dat¹: 15 maja 2024 dla projektu 15.
2024-09-20 18:15:59,050 - INFO - Rozpoczêto przetwarzanie projektu 1 z 12 aktywnoœciami.
2024-09-20 18:15:59,050 - INFO - Zapisano aktywnoœæ: Rozpoczêcie konsultacji projektu przed wp³yniêciem do sejmu z dat¹: 11-07-2024 dla projektu 1.
2024-09-20 18:15:59,050 - INFO - Zapisano aktywnoœæ: Projekt wp³yn¹³ do Sejmu -druk nr 546 z dat¹: 19 lipca 2024 dla projektu 1.
2024-09-20 18:15:59,050 - INFO - Zapisano aktywnoœæ: Skierowano do I czytania w komisjach z dat¹: 19 lipca 2024 dla projektu 1.
2024-09-20 18:15:59,050 - INFO - Zapisano aktywnoœæ: I czytanie w komisjach z dat¹: 23 lipca 2024 dla projektu 1.
2024-09-20 18:15:59,050 - INFO - Zapisano aktywnoœæ: Sprawozdanie komisjidruk nr 551 z dat¹: 23 lipca 2024 dla projektu 1.
2024-09-20 18:15:59,050 - INFO - Zapisano aktywnoœæ: II czytanie na posiedzeniu Sejmu z dat¹: 24 lipca 2024 dla projektu 1.
2024-09-20 18:15:59,050 - INFO - Zapisano aktywnoœæ: III czytanie na posiedzeniu Sejmu z dat¹: 24 lipca 2024 dla projektu 1.
2024-09-20 18:15:59,050 - INFO - Zapisano aktywnoœæ: Ustawê przekazano Marsza³kowi Senatu z dat¹: 24 lipca 2024 dla projektu 1.
2024-09-20 18:15:59,050 - INFO - Zapisano aktywnoœæ: Ustawê przekazano Prezydentowi z dat¹: 25 lipca 2024 dla projektu 1.
2024-09-20 18:15:59,050 - INFO - Zapisano aktywnoœæ: Stanowisko Senatu z dat¹: 25 lipca 2024 dla projektu 1.
2024-09-20 18:15:59,050 - INFO - Zapisano aktywnoœæ: Ustawê przekazano Prezydentowi do podpisu z dat¹: 26 lipca 2024 dla projektu 1.
2024-09-20 18:15:59,051 - INFO - Zapisano aktywnoœæ: Prezydent podpisa³ ustawê z dat¹: 30 lipca 2024 dla projektu 1.
2024-09-20 18:15:59,051 - INFO - Rozpoczêto przetwarzanie projektu 2 z 12 aktywnoœciami.
2024-09-20 18:15:59,051 - INFO - Zapisano aktywnoœæ: Rozpoczêcie konsultacji projektu przed wp³yniêciem do sejmu z dat¹: 28-06-2024 dla projektu 2.
2024-09-20 18:15:59,051 - INFO - Zapisano aktywnoœæ: Projekt wp³yn¹³ do Sejmu -druk nr 545 z dat¹: 19 lipca 2024 dla projektu 2.
2024-09-20 18:15:59,051 - INFO - Zapisano aktywnoœæ: Skierowano do I czytania w komisjach z dat¹: 19 lipca 2024 dla projektu 2.
2024-09-20 18:15:59,051 - INFO - Zapisano aktywnoœæ: I czytanie w komisjach z dat¹: 23 lipca 2024 dla projektu 2.
2024-09-20 18:15:59,051 - INFO - Zapisano aktywnoœæ: Sprawozdanie komisjidruk nr 549 z dat¹: 23 lipca 2024 dla projektu 2.
2024-09-20 18:15:59,051 - INFO - Zapisano aktywnoœæ: II czytanie na posiedzeniu Sejmu z dat¹: 24 lipca 2024 dla projektu 2.
2024-09-20 18:15:59,051 - INFO - Zapisano aktywnoœæ: III czytanie na posiedzeniu Sejmu z dat¹: 24 lipca 2024 dla projektu 2.
2024-09-20 18:15:59,051 - INFO - Zapisano aktywnoœæ: Ustawê przekazano Marsza³kowi Senatu z dat¹: 24 lipca 2024 dla projektu 2.
2024-09-20 18:15:59,051 - INFO - Zapisano aktywnoœæ: Ustawê przekazano Prezydentowi z dat¹: 25 lipca 2024 dla projektu 2.
2024-09-20 18:15:59,051 - INFO - Zapisano aktywnoœæ: Stanowisko Senatu z dat¹: 25 lipca 2024 dla projektu 2.
2024-09-20 18:15:59,051 - INFO - Zapisano aktywnoœæ: Ustawê przekazano Prezydentowi do podpisu z dat¹: 26 lipca 2024 dla projektu 2.
2024-09-20 18:15:59,051 - INFO - Zapisano aktywnoœæ: Prezydent podpisa³ ustawê z dat¹: 30 lipca 2024 dla projektu 2.
2024-09-20 18:15:59,051 - INFO - Rozpoczêto przetwarzanie projektu 3 z 12 aktywnoœciami.
2024-09-20 18:15:59,051 - INFO - Zapisano aktywnoœæ: Rozpoczêcie konsultacji projektu przed wp³yniêciem do sejmu z dat¹: 24-06-2024 dla projektu 3.
2024-09-20 18:15:59,051 - INFO - Zapisano aktywnoœæ: Projekt wp³yn¹³ do Sejmu -druk nr 547 z dat¹: 19 lipca 2024 dla projektu 3.
2024-09-20 18:15:59,051 - INFO - Zapisano aktywnoœæ: Skierowano do I czytania w komisjach z dat¹: 19 lipca 2024 dla projektu 3.
2024-09-20 18:15:59,051 - INFO - Zapisano aktywnoœæ: I czytanie w komisjach z dat¹: 23 lipca 2024 dla projektu 3.
2024-09-20 18:15:59,051 - INFO - Zapisano aktywnoœæ: Sprawozdanie komisjidruk nr 565 z dat¹: 23 lipca 2024 dla projektu 3.
2024-09-20 18:15:59,051 - INFO - Zapisano aktywnoœæ: II czytanie na posiedzeniu Sejmu z dat¹: 24 lipca 2024 dla projektu 3.
2024-09-20 18:15:59,051 - INFO - Zapisano aktywnoœæ: III czytanie na posiedzeniu Sejmu z dat¹: 24 lipca 2024 dla projektu 3.
2024-09-20 18:15:59,051 - INFO - Zapisano aktywnoœæ: Ustawê przekazano Marsza³kowi Senatu z dat¹: 24 lipca 2024 dla projektu 3.
2024-09-20 18:15:59,051 - INFO - Zapisano aktywnoœæ: Ustawê przekazano Prezydentowi z dat¹: 25 lipca 2024 dla projektu 3.
2024-09-20 18:15:59,051 - INFO - Zapisano aktywnoœæ: Stanowisko Senatu z dat¹: 25 lipca 2024 dla projektu 3.
2024-09-20 18:15:59,051 - INFO - Zapisano aktywnoœæ: Ustawê przekazano Prezydentowi do podpisu z dat¹: 26 lipca 2024 dla projektu 3.
2024-09-20 18:15:59,051 - INFO - Zapisano aktywnoœæ: Prezydent podpisa³ ustawê z dat¹: 30 lipca 2024 dla projektu 3.
2024-09-20 18:15:59,051 - INFO - Rozpoczêto przetwarzanie projektu 4 z 13 aktywnoœciami.
2024-09-20 18:15:59,052 - INFO - Zapisano aktywnoœæ: Rozpoczêcie konsultacji projektu przed wp³yniêciem do sejmu z dat¹: 17-06-2024 dla projektu 4.
2024-09-20 18:15:59,052 - INFO - Zapisano aktywnoœæ: Projekt wp³yn¹³ do Sejmu -druk nr 471 z dat¹: 21 czerwca 2024 dla projektu 4.
2024-09-20 18:15:59,052 - INFO - Zapisano aktywnoœæ: Skierowano do I czytania na posiedzeniu Sejmu z dat¹: 25 czerwca 2024 dla projektu 4.
2024-09-20 18:15:59,052 - INFO - Zapisano aktywnoœæ: I czytanie na posiedzeniu Sejmu z dat¹: 26 czerwca 2024 dla projektu 4.
2024-09-20 18:15:59,052 - INFO - Zapisano aktywnoœæ: Sprawozdanie komisjidruk nr 505 z dat¹: 2 lipca 2024 dla projektu 4.
2024-09-20 18:15:59,052 - INFO - Zapisano aktywnoœæ: II czytanie na posiedzeniu Sejmu z dat¹: 11 lipca 2024 dla projektu 4.
2024-09-20 18:15:59,052 - INFO - Zapisano aktywnoœæ: Sprawozdanie komisjidruk nr 505-A z dat¹: 12 lipca 2024 dla projektu 4.
2024-09-20 18:15:59,052 - INFO - Zapisano aktywnoœæ: III czytanie na posiedzeniu Sejmu z dat¹: 12 lipca 2024 dla projektu 4.
2024-09-20 18:15:59,052 - INFO - Zapisano aktywnoœæ: Ustawê przekazano Prezydentowi i Marsza³kowi Senatu z dat¹: 15 lipca 2024 dla projektu 4.
2024-09-20 18:15:59,052 - INFO - Zapisano aktywnoœæ: Stanowisko Senatu z dat¹: 25 lipca 2024 dla projektu 4.
2024-09-20 18:15:59,052 - INFO - Zapisano aktywnoœæ: Sprawozdanie komisjidruk nr 587 z dat¹: 26 lipca 2024 dla projektu 4.
2024-09-20 18:15:59,052 - INFO - Zapisano aktywnoœæ: Rozpatrywanie na forum Sejmu stanowiska Senatu z dat¹: 26 lipca 2024 dla projektu 4.
2024-09-20 18:15:59,052 - INFO - Zapisano aktywnoœæ: Ustawê przekazano Prezydentowi do podpisu z dat¹: 29 lipca 2024 dla projektu 4.
2024-09-20 18:15:59,052 - INFO - Rozpoczêto przetwarzanie projektu 5 z 12 aktywnoœciami.
2024-09-20 18:15:59,052 - INFO - Zapisano aktywnoœæ: Rozpoczêcie konsultacji projektu przed wp³yniêciem do sejmu z dat¹: 10-06-2024 dla projektu 5.
2024-09-20 18:15:59,052 - INFO - Zapisano aktywnoœæ: Projekt wp³yn¹³ do Sejmu -druk nr 472 z dat¹: 21 czerwca 2024 dla projektu 5.
2024-09-20 18:15:59,052 - INFO - Zapisano aktywnoœæ: Skierowano do I czytania w komisjach z dat¹: 25 czerwca 2024 dla projektu 5.
2024-09-20 18:15:59,052 - INFO - Zapisano aktywnoœæ: I czytanie w komisjach z dat¹: 26 czerwca 2024 dla projektu 5.
2024-09-20 18:15:59,052 - INFO - Zapisano aktywnoœæ: Sprawozdanie komisjidruk nr 491 z dat¹: 26 czerwca 2024 dla projektu 5.
2024-09-20 18:15:59,052 - INFO - Zapisano aktywnoœæ: II czytanie na posiedzeniu Sejmu z dat¹: 27 czerwca 2024 dla projektu 5.
2024-09-20 18:15:59,052 - INFO - Zapisano aktywnoœæ: Sprawozdanie komisjidruk nr 491-A z dat¹: 28 czerwca 2024 dla projektu 5.
2024-09-20 18:15:59,052 - INFO - Zapisano aktywnoœæ: III czytanie na posiedzeniu Sejmu z dat¹: 28 czerwca 2024 dla projektu 5.
2024-09-20 18:15:59,052 - INFO - Zapisano aktywnoœæ: Ustawê przekazano Prezydentowi i Marsza³kowi Senatu z dat¹: 1 lipca 2024 dla projektu 5.
2024-09-20 18:15:59,052 - INFO - Zapisano aktywnoœæ: Stanowisko Senatu z dat¹: 10 lipca 2024 dla projektu 5.
2024-09-20 18:15:59,052 - INFO - Zapisano aktywnoœæ: Ustawê przekazano Prezydentowi do podpisu z dat¹: 11 lipca 2024 dla projektu 5.
2024-09-20 18:15:59,052 - INFO - Zapisano aktywnoœæ: Prezydent podpisa³ ustawê z dat¹: 17 lipca 2024 dla projektu 5.
2024-09-20 18:15:59,052 - INFO - Rozpoczêto przetwarzanie projektu 6 z 12 aktywnoœciami.
2024-09-20 18:15:59,052 - INFO - Zapisano aktywnoœæ: Rozpoczêcie konsultacji projektu przed wp³yniêciem do sejmu z dat¹: 03-06-2024 dla projektu 6.
2024-09-20 18:15:59,053 - INFO - Zapisano aktywnoœæ: Projekt wp³yn¹³ do Sejmu -druk nr 430 z dat¹: 6 czerwca 2024 dla projektu 6.
2024-09-20 18:15:59,053 - INFO - Zapisano aktywnoœæ: Skierowano do I czytania w komisjach z dat¹: 11 czerwca 2024 dla projektu 6.
2024-09-20 18:15:59,053 - INFO - Zapisano aktywnoœæ: I czytanie w komisjach z dat¹: 25 czerwca 2024 dla projektu 6.
2024-09-20 18:15:59,053 - INFO - Zapisano aktywnoœæ: Sprawozdanie komisjidruk nr 468 z dat¹: 25 czerwca 2024 dla projektu 6.
2024-09-20 18:15:59,053 - INFO - Zapisano aktywnoœæ: II czytanie na posiedzeniu Sejmu z dat¹: 26 czerwca 2024 dla projektu 6.
2024-09-20 18:15:59,053 - INFO - Zapisano aktywnoœæ: Sprawozdanie komisjidruk nr 468-A z dat¹: 26 czerwca 2024 dla projektu 6.
2024-09-20 18:15:59,053 - INFO - Zapisano aktywnoœæ: III czytanie na posiedzeniu Sejmu z dat¹: 28 czerwca 2024 dla projektu 6.
2024-09-20 18:15:59,053 - INFO - Zapisano aktywnoœæ: Ustawê przekazano Prezydentowi i Marsza³kowi Senatu z dat¹: 1 lipca 2024 dla projektu 6.
2024-09-20 18:15:59,053 - INFO - Zapisano aktywnoœæ: Stanowisko Senatu z dat¹: 10 lipca 2024 dla projektu 6.
2024-09-20 18:15:59,053 - INFO - Zapisano aktywnoœæ: Ustawê przekazano Prezydentowi do podpisu z dat¹: 11 lipca 2024 dla projektu 6.
2024-09-20 18:15:59,053 - INFO - Zapisano aktywnoœæ: Prezydent podpisa³ ustawê z dat¹: 17 lipca 2024 dla projektu 6.
2024-09-20 18:15:59,053 - INFO - Rozpoczêto przetwarzanie projektu 7 z 11 aktywnoœciami.
2024-09-20 18:15:59,053 - INFO - Zapisano aktywnoœæ: Rozpoczêcie konsultacji projektu przed wp³yniêciem do sejmu z dat¹: 29-04-2024 dla projektu 7.
2024-09-20 18:15:59,053 - INFO - Zapisano aktywnoœæ: Projekt wp³yn¹³ do Sejmu -druk nr 341 z dat¹: 2 maja 2024 dla projektu 7.
2024-09-20 18:15:59,053 - INFO - Zapisano aktywnoœæ: Skierowano do I czytania na posiedzeniu Sejmu z dat¹: 7 maja 2024 dla projektu 7.
2024-09-20 18:15:59,053 - INFO - Zapisano aktywnoœæ: I czytanie na posiedzeniu Sejmu z dat¹: 8 maja 2024 dla projektu 7.
2024-09-20 18:15:59,053 - INFO - Zapisano aktywnoœæ: Sprawozdanie komisjidruk nr 373 z dat¹: 8 maja 2024 dla projektu 7.
2024-09-20 18:15:59,053 - INFO - Zapisano aktywnoœæ: II czytanie na posiedzeniu Sejmu z dat¹: 9 maja 2024 dla projektu 7.
2024-09-20 18:15:59,053 - INFO - Zapisano aktywnoœæ: III czytanie na posiedzeniu Sejmu z dat¹: 9 maja 2024 dla projektu 7.
2024-09-20 18:15:59,053 - INFO - Zapisano aktywnoœæ: Ustawê przekazano Prezydentowi i Marsza³kowi Senatu z dat¹: 10 maja 2024 dla projektu 7.
2024-09-20 18:15:59,053 - INFO - Zapisano aktywnoœæ: Stanowisko Senatu z dat¹: 22 maja 2024 dla projektu 7.
2024-09-20 18:15:59,053 - INFO - Zapisano aktywnoœæ: Ustawê przekazano Prezydentowi do podpisu z dat¹: 23 maja 2024 dla projektu 7.
2024-09-20 18:15:59,053 - INFO - Zapisano aktywnoœæ: Prezydent podpisa³ ustawê z dat¹: 5 czerwca 2024 dla projektu 7.
2024-09-20 18:15:59,053 - INFO - Rozpoczêto przetwarzanie projektu 8 z 14 aktywnoœciami.
2024-09-20 18:15:59,053 - INFO - Zapisano aktywnoœæ: Rozpoczêcie konsultacji projektu przed wp³yniêciem do sejmu z dat¹: 19-04-2024 dla projektu 8.
2024-09-20 18:15:59,053 - INFO - Zapisano aktywnoœæ: Projekt wp³yn¹³ do Sejmu -druk nr 346 z dat¹: 7 maja 2024 dla projektu 8.
2024-09-20 18:15:59,053 - INFO - Zapisano aktywnoœæ: Skierowano do I czytania na posiedzeniu Sejmu z dat¹: 7 maja 2024 dla projektu 8.
2024-09-20 18:15:59,053 - INFO - Zapisano aktywnoœæ: I czytanie na posiedzeniu Sejmu z dat¹: 9 maja 2024 dla projektu 8.
2024-09-20 18:15:59,054 - INFO - Zapisano aktywnoœæ: Sprawozdanie komisjidruk nr 380 z dat¹: 14 maja 2024 dla projektu 8.
2024-09-20 18:15:59,054 - INFO - Zapisano aktywnoœæ: II czytanie na posiedzeniu Sejmu z dat¹: 15 maja 2024 dla projektu 8.
2024-09-20 18:15:59,054 - INFO - Zapisano aktywnoœæ: Sprawozdanie komisjidruk nr 380-A z dat¹: 15 maja 2024 dla projektu 8.
2024-09-20 18:15:59,054 - INFO - Zapisano aktywnoœæ: III czytanie na posiedzeniu Sejmu z dat¹: 15 maja 2024 dla projektu 8.
2024-09-20 18:15:59,054 - INFO - Zapisano aktywnoœæ: Ustawê przekazano Prezydentowi i Marsza³kowi Senatu z dat¹: 16 maja 2024 dla projektu 8.
2024-09-20 18:15:59,054 - INFO - Zapisano aktywnoœæ: Stanowisko Senatu z dat¹: 22 maja 2024 dla projektu 8.
2024-09-20 18:15:59,054 - INFO - Zapisano aktywnoœæ: Sprawozdanie komisjidruk nr 417 z dat¹: 22 maja 2024 dla projektu 8.
2024-09-20 18:15:59,054 - INFO - Zapisano aktywnoœæ: Rozpatrywanie na forum Sejmu stanowiska Senatu z dat¹: 23 maja 2024 dla projektu 8.
2024-09-20 18:15:59,054 - INFO - Zapisano aktywnoœæ: Ustawê przekazano Prezydentowi do podpisu z dat¹: 24 maja 2024 dla projektu 8.
2024-09-20 18:15:59,054 - INFO - Zapisano aktywnoœæ: Prezydent podpisa³ ustawê z dat¹: 7 czerwca 2024 dla projektu 8.
2024-09-20 18:15:59,054 - INFO - Rozpoczêto przetwarzanie projektu 9 z 11 aktywnoœciami.
2024-09-20 18:15:59,054 - INFO - Zapisano aktywnoœæ: Rozpoczêcie konsultacji projektu przed wp³yniêciem do sejmu z dat¹: 17-04-2024 dla projektu 9.
2024-09-20 18:15:59,054 - INFO - Zapisano aktywnoœæ: Projekt wp³yn¹³ do Sejmu -druk nr 382 z dat¹: 7 maja 2024 dla projektu 9.
2024-09-20 18:15:59,054 - INFO - Zapisano aktywnoœæ: Skierowano do I czytania w komisjach z dat¹: 14 maja 2024 dla projektu 9.
2024-09-20 18:15:59,054 - INFO - Zapisano aktywnoœæ: I czytanie w komisjach z dat¹: 21 maja 2024 dla projektu 9.
2024-09-20 18:15:59,054 - INFO - Zapisano aktywnoœæ: Sprawozdanie komisjidruk nr 400 z dat¹: 21 maja 2024 dla projektu 9.
2024-09-20 18:15:59,054 - INFO - Zapisano aktywnoœæ: II czytanie na posiedzeniu Sejmu z dat¹: 22 maja 2024 dla projektu 9.
2024-09-20 18:15:59,054 - INFO - Zapisano aktywnoœæ: III czytanie na posiedzeniu Sejmu z dat¹: 23 maja 2024 dla projektu 9.
2024-09-20 18:15:59,054 - INFO - Zapisano aktywnoœæ: Ustawê przekazano Prezydentowi i Marsza³kowi Senatu z dat¹: 24 maja 2024 dla projektu 9.
2024-09-20 18:15:59,054 - INFO - Zapisano aktywnoœæ: Stanowisko Senatu z dat¹: 5 czerwca 2024 dla projektu 9.
2024-09-20 18:15:59,054 - INFO - Zapisano aktywnoœæ: Ustawê przekazano Prezydentowi do podpisu z dat¹: 6 czerwca 2024 dla projektu 9.
2024-09-20 18:15:59,054 - INFO - Zapisano aktywnoœæ: Prezydent podpisa³ ustawê z dat¹: 11 czerwca 2024 dla projektu 9.
2024-09-20 18:15:59,054 - INFO - Rozpoczêto przetwarzanie projektu 10 z 11 aktywnoœciami.
2024-09-20 18:15:59,054 - INFO - Zapisano aktywnoœæ: Rozpoczêcie konsultacji projektu przed wp³yniêciem do sejmu z dat¹: 09-04-2024 dla projektu 10.
2024-09-20 18:15:59,054 - INFO - Zapisano aktywnoœæ: Projekt wp³yn¹³ do Sejmu -druk nr 319 z dat¹: 18 kwietnia 2024 dla projektu 10.
2024-09-20 18:15:59,054 - INFO - Zapisano aktywnoœæ: Skierowano do I czytania na posiedzeniu Sejmu z dat¹: 24 kwietnia 2024 dla projektu 10.
2024-09-20 18:15:59,054 - INFO - Zapisano aktywnoœæ: I czytanie na posiedzeniu Sejmu z dat¹: 9 maja 2024 dla projektu 10.
2024-09-20 18:15:59,054 - INFO - Zapisano aktywnoœæ: Sprawozdanie komisjidruk nr 376 z dat¹: 9 maja 2024 dla projektu 10.
2024-09-20 18:15:59,054 - INFO - Zapisano aktywnoœæ: II czytanie na posiedzeniu Sejmu z dat¹: 15 maja 2024 dla projektu 10.
2024-09-20 18:15:59,055 - INFO - Zapisano aktywnoœæ: III czytanie na posiedzeniu Sejmu z dat¹: 15 maja 2024 dla projektu 10.
2024-09-20 18:15:59,055 - INFO - Zapisano aktywnoœæ: Ustawê przekazano Prezydentowi i Marsza³kowi Senatu z dat¹: 16 maja 2024 dla projektu 10.
2024-09-20 18:15:59,055 - INFO - Zapisano aktywnoœæ: Stanowisko Senatu z dat¹: 23 maja 2024 dla projektu 10.
2024-09-20 18:15:59,055 - INFO - Zapisano aktywnoœæ: Ustawê przekazano Prezydentowi do podpisu z dat¹: 24 maja 2024 dla projektu 10.
2024-09-20 18:15:59,055 - INFO - Zapisano aktywnoœæ: Prezydent podpisa³ ustawê z dat¹: 7 czerwca 2024 dla projektu 10.
2024-09-20 18:15:59,055 - INFO - Rozpoczêto przetwarzanie projektu 11 z 12 aktywnoœciami.
2024-09-20 18:15:59,055 - INFO - Zapisano aktywnoœæ: Rozpoczêcie konsultacji projektu przed wp³yniêciem do sejmu z dat¹: 05-04-2024 dla projektu 11.
2024-09-20 18:15:59,055 - INFO - Zapisano aktywnoœæ: Projekt wp³yn¹³ do Sejmu -druk nr 342 z dat¹: 2 maja 2024 dla projektu 11.
2024-09-20 18:15:59,055 - INFO - Zapisano aktywnoœæ: Skierowano do I czytania na posiedzeniu Sejmu z dat¹: 7 maja 2024 dla projektu 11.
2024-09-20 18:15:59,055 - INFO - Zapisano aktywnoœæ: I czytanie na posiedzeniu Sejmu z dat¹: 8 maja 2024 dla projektu 11.
2024-09-20 18:15:59,055 - INFO - Zapisano aktywnoœæ: Sprawozdanie komisjidruk nr 374 z dat¹: 8 maja 2024 dla projektu 11.
2024-09-20 18:15:59,055 - INFO - Zapisano aktywnoœæ: II czytanie na posiedzeniu Sejmu z dat¹: 15 maja 2024 dla projektu 11.
2024-09-20 18:15:59,055 - INFO - Zapisano aktywnoœæ: Sprawozdanie komisjidruk nr 374-A z dat¹: 15 maja 2024 dla projektu 11.
2024-09-20 18:15:59,055 - INFO - Zapisano aktywnoœæ: III czytanie na posiedzeniu Sejmu z dat¹: 15 maja 2024 dla projektu 11.
2024-09-20 18:15:59,055 - INFO - Zapisano aktywnoœæ: Ustawê przekazano Prezydentowi i Marsza³kowi Senatu z dat¹: 16 maja 2024 dla projektu 11.
2024-09-20 18:15:59,055 - INFO - Zapisano aktywnoœæ: Stanowisko Senatu z dat¹: 22 maja 2024 dla projektu 11.
2024-09-20 18:15:59,055 - INFO - Zapisano aktywnoœæ: Ustawê przekazano Prezydentowi do podpisu z dat¹: 23 maja 2024 dla projektu 11.
2024-09-20 18:15:59,055 - INFO - Zapisano aktywnoœæ: Prezydent podpisa³ ustawê z dat¹: 7 czerwca 2024 dla projektu 11.
2024-09-20 18:15:59,055 - INFO - Rozpoczêto przetwarzanie projektu 12 z 11 aktywnoœciami.
2024-09-20 18:15:59,055 - INFO - Zapisano aktywnoœæ: Rozpoczêcie konsultacji projektu przed wp³yniêciem do sejmu z dat¹: 05-04-2024 dla projektu 12.
2024-09-20 18:15:59,055 - INFO - Zapisano aktywnoœæ: Projekt wp³yn¹³ do Sejmu -druk nr 318 z dat¹: 18 kwietnia 2024 dla projektu 12.
2024-09-20 18:15:59,055 - INFO - Zapisano aktywnoœæ: Skierowano do I czytania na posiedzeniu Sejmu z dat¹: 24 kwietnia 2024 dla projektu 12.
2024-09-20 18:15:59,055 - INFO - Zapisano aktywnoœæ: I czytanie na posiedzeniu Sejmu z dat¹: 9 maja 2024 dla projektu 12.
2024-09-20 18:15:59,055 - INFO - Zapisano aktywnoœæ: Sprawozdanie komisjidruk nr 401 z dat¹: 21 maja 2024 dla projektu 12.
2024-09-20 18:15:59,055 - INFO - Zapisano aktywnoœæ: II czytanie na posiedzeniu Sejmu z dat¹: 23 maja 2024 dla projektu 12.
2024-09-20 18:15:59,055 - INFO - Zapisano aktywnoœæ: III czytanie na posiedzeniu Sejmu z dat¹: 23 maja 2024 dla projektu 12.
2024-09-20 18:15:59,055 - INFO - Zapisano aktywnoœæ: Ustawê przekazano Prezydentowi i Marsza³kowi Senatu z dat¹: 24 maja 2024 dla projektu 12.
2024-09-20 18:15:59,056 - INFO - Zapisano aktywnoœæ: Stanowisko Senatu z dat¹: 5 czerwca 2024 dla projektu 12.
2024-09-20 18:15:59,056 - INFO - Zapisano aktywnoœæ: Ustawê przekazano Prezydentowi do podpisu z dat¹: 6 czerwca 2024 dla projektu 12.
2024-09-20 18:15:59,056 - INFO - Zapisano aktywnoœæ: Prezydent podpisa³ ustawê z dat¹: 11 czerwca 2024 dla projektu 12.
2024-09-20 18:15:59,056 - INFO - Rozpoczêto przetwarzanie projektu 13 z 11 aktywnoœciami.
2024-09-20 18:15:59,056 - INFO - Zapisano aktywnoœæ: Rozpoczêcie konsultacji projektu przed wp³yniêciem do sejmu z dat¹: 28-03-2024 dla projektu 13.
2024-09-20 18:15:59,056 - INFO - Zapisano aktywnoœæ: Projekt wp³yn¹³ do Sejmu -druk nr 320 z dat¹: 18 kwietnia 2024 dla projektu 13.
2024-09-20 18:15:59,056 - INFO - Zapisano aktywnoœæ: Skierowano do I czytania w komisjach z dat¹: 24 kwietnia 2024 dla projektu 13.
2024-09-20 18:15:59,056 - INFO - Zapisano aktywnoœæ: I czytanie w komisjach z dat¹: 8 maja 2024 dla projektu 13.
2024-09-20 18:15:59,056 - INFO - Zapisano aktywnoœæ: Sprawozdanie komisjidruk nr 375 z dat¹: 8 maja 2024 dla projektu 13.
2024-09-20 18:15:59,056 - INFO - Zapisano aktywnoœæ: II czytanie na posiedzeniu Sejmu z dat¹: 15 maja 2024 dla projektu 13.
2024-09-20 18:15:59,056 - INFO - Zapisano aktywnoœæ: III czytanie na posiedzeniu Sejmu z dat¹: 15 maja 2024 dla projektu 13.
2024-09-20 18:15:59,056 - INFO - Zapisano aktywnoœæ: Ustawê przekazano Prezydentowi i Marsza³kowi Senatu z dat¹: 16 maja 2024 dla projektu 13.
2024-09-20 18:15:59,056 - INFO - Zapisano aktywnoœæ: Stanowisko Senatu z dat¹: 23 maja 2024 dla projektu 13.
2024-09-20 18:15:59,056 - INFO - Zapisano aktywnoœæ: Ustawê przekazano Prezydentowi do podpisu z dat¹: 24 maja 2024 dla projektu 13.
2024-09-20 18:15:59,056 - INFO - Zapisano aktywnoœæ: Prezydent podpisa³ ustawê z dat¹: 7 czerwca 2024 dla projektu 13.
2024-09-20 18:15:59,056 - INFO - Rozpoczêto przetwarzanie projektu 14 z 11 aktywnoœciami.
2024-09-20 18:15:59,056 - INFO - Zapisano aktywnoœæ: Rozpoczêcie konsultacji projektu przed wp³yniêciem do sejmu z dat¹: 22-03-2024 dla projektu 14.
2024-09-20 18:15:59,056 - INFO - Zapisano aktywnoœæ: Projekt wp³yn¹³ do Sejmu -druk nr 548 z dat¹: 19 lipca 2024 dla projektu 14.
2024-09-20 18:15:59,056 - INFO - Zapisano aktywnoœæ: Skierowano do I czytania w komisjach z dat¹: 19 lipca 2024 dla projektu 14.
2024-09-20 18:15:59,056 - INFO - Zapisano aktywnoœæ: I czytanie w komisjach z dat¹: 23 lipca 2024 dla projektu 14.
2024-09-20 18:15:59,056 - INFO - Zapisano aktywnoœæ: Sprawozdanie komisjidruk nr 563 z dat¹: 23 lipca 2024 dla projektu 14.
2024-09-20 18:15:59,056 - INFO - Zapisano aktywnoœæ: II czytanie na posiedzeniu Sejmu z dat¹: 24 lipca 2024 dla projektu 14.
2024-09-20 18:15:59,056 - INFO - Zapisano aktywnoœæ: III czytanie na posiedzeniu Sejmu z dat¹: 24 lipca 2024 dla projektu 14.
2024-09-20 18:15:59,056 - INFO - Zapisano aktywnoœæ: Ustawê przekazano Marsza³kowi Senatu z dat¹: 24 lipca 2024 dla projektu 14.
2024-09-20 18:15:59,056 - INFO - Zapisano aktywnoœæ: Ustawê przekazano Prezydentowi z dat¹: 25 lipca 2024 dla projektu 14.
2024-09-20 18:15:59,056 - INFO - Zapisano aktywnoœæ: Stanowisko Senatu z dat¹: 25 lipca 2024 dla projektu 14.
2024-09-20 18:15:59,056 - INFO - Zapisano aktywnoœæ: Ustawê przekazano Prezydentowi do podpisu z dat¹: 26 lipca 2024 dla projektu 14.
2024-09-20 18:15:59,057 - INFO - Rozpoczêto przetwarzanie projektu 15 z 11 aktywnoœciami.
2024-09-20 18:15:59,057 - INFO - Zapisano aktywnoœæ: Rozpoczêcie konsultacji projektu przed wp³yniêciem do sejmu z dat¹: 21-03-2024 dla projektu 15.
2024-09-20 18:15:59,057 - INFO - Zapisano aktywnoœæ: Projekt wp³yn¹³ do Sejmu -druk nr 293 z dat¹: 29 marca 2024 dla projektu 15.
2024-09-20 18:15:59,057 - INFO - Zapisano aktywnoœæ: Skierowano do I czytania w komisjach z dat¹: 9 kwietnia 2024 dla projektu 15.
2024-09-20 18:15:59,057 - INFO - Zapisano aktywnoœæ: I czytanie w komisjach z dat¹: 23 kwietnia 2024 dla projektu 15.
2024-09-20 18:15:59,057 - INFO - Zapisano aktywnoœæ: Sprawozdanie komisjidruk nr 312 z dat¹: 23 kwietnia 2024 dla projektu 15.
2024-09-20 18:15:59,057 - INFO - Zapisano aktywnoœæ: II czytanie na posiedzeniu Sejmu z dat¹: 24 kwietnia 2024 dla projektu 15.
2024-09-20 18:15:59,057 - INFO - Zapisano aktywnoœæ: III czytanie na posiedzeniu Sejmu z dat¹: 26 kwietnia 2024 dla projektu 15.
2024-09-20 18:15:59,057 - INFO - Zapisano aktywnoœæ: Ustawê przekazano Prezydentowi i Marsza³kowi Senatu z dat¹: 29 kwietnia 2024 dla projektu 15.
2024-09-20 18:15:59,057 - INFO - Zapisano aktywnoœæ: Stanowisko Senatu z dat¹: 9 maja 2024 dla projektu 15.
2024-09-20 18:15:59,057 - INFO - Zapisano aktywnoœæ: Ustawê przekazano Prezydentowi do podpisu z dat¹: 10 maja 2024 dla projektu 15.
2024-09-20 18:15:59,057 - INFO - Zapisano aktywnoœæ: Prezydent podpisa³ ustawê z dat¹: 15 maja 2024 dla projektu 15.
2024-09-20 18:15:59,057 - INFO - Przetwarzanie wszystkich projektów zakoñczone.
2024-09-20 18:16:29,545 - INFO - Rozpoczêto przetwarzanie projektu 1 z 12 aktywnoœciami.
2024-09-20 18:16:52,659 - INFO - Zapisano aktywnoœæ: Rozpoczêcie konsultacji projektu przed wp³yniêciem do sejmu z dat¹: 11-07-2024 dla projektu 1.
2024-09-20 18:16:55,188 - INFO - Zapisano aktywnoœæ: Projekt wp³yn¹³ do Sejmu -druk nr 546 z dat¹: 19 lipca 2024 dla projektu 1.
2024-09-20 18:16:58,797 - INFO - Zapisano aktywnoœæ: Skierowano do I czytania w komisjach z dat¹: 19 lipca 2024 dla projektu 1.
2024-09-20 18:17:02,251 - INFO - Zapisano aktywnoœæ: I czytanie w komisjach z dat¹: 23 lipca 2024 dla projektu 1.
